<?xml version="1.0" encoding="UTF-8"?>
<testng-results ignored="0" total="2" passed="2" failed="0" skipped="0">
  <reporter-output>
  </reporter-output>
  <suite started-at="2023-11-30T10:39:50 IST" name="Default suite" finished-at="2023-11-30T10:39:58 IST" duration-ms="8102">
    <groups>
      <group name="regression">
        <method signature="TestScript3Test.ts2Test()[pri:0, instance:com.banking.TestScript3Test@38d8f54a]" name="ts2Test" class="com.banking.TestScript3Test"/>
      </group> <!-- regression -->
      <group name="smoke">
        <method signature="TestScript3Test.ts1Test()[pri:0, instance:com.banking.TestScript3Test@38d8f54a]" name="ts1Test" class="com.banking.TestScript3Test"/>
      </group> <!-- smoke -->
    </groups>
    <test started-at="2023-11-30T10:39:50 IST" name="Default test" finished-at="2023-11-30T10:39:58 IST" duration-ms="8102">
      <class name="com.banking.TestScript3Test">
        <test-method signature="ts1Test()[pri:0, instance:com.banking.TestScript3Test@38d8f54a]" started-at="2023-11-30T10:39:50 IST" name="ts1Test" finished-at="2023-11-30T10:39:58 IST" duration-ms="8007" status="PASS">
          <reporter-output>
          </reporter-output>
        </test-method> <!-- ts1Test -->
        <test-method signature="ts2Test()[pri:0, instance:com.banking.TestScript3Test@38d8f54a]" started-at="2023-11-30T10:39:58 IST" name="ts2Test" finished-at="2023-11-30T10:39:58 IST" duration-ms="2" status="PASS">
          <reporter-output>
          </reporter-output>
        </test-method> <!-- ts2Test -->
      </class> <!-- com.banking.TestScript3Test -->
    </test> <!-- Default test -->
  </suite> <!-- Default suite -->
</testng-results>
